ARM GAS  C:\Users\Arisvis\AppData\Local\Temp\ccT0rfNj.s 			page 1


   1              		.syntax unified
   2              		.cpu cortex-m3
   3              		.fpu softvfp
   4              		.eabi_attribute 20, 1
   5              		.eabi_attribute 21, 1
   6              		.eabi_attribute 23, 3
   7              		.eabi_attribute 24, 1
   8              		.eabi_attribute 25, 1
   9              		.eabi_attribute 26, 1
  10              		.eabi_attribute 30, 6
  11              		.eabi_attribute 34, 1
  12              		.eabi_attribute 18, 4
  13              		.thumb
  14              		.syntax unified
  15              		.file	"cymetadata.c"
  16              		.text
  17              	.Ltext0:
  18              		.cfi_sections	.debug_frame
  19              		.global	cy_meta_configecc
  20              		.section	.cyconfigecc,"a",%progbits
  21              		.align	2
  22              		.type	cy_meta_configecc, %object
  23              		.size	cy_meta_configecc, 208
  24              	cy_meta_configecc:
  25 0000 02       		.byte	2
  26 0001 52       		.byte	82
  27 0002 00       		.byte	0
  28 0003 40       		.byte	64
  29 0004 01       		.byte	1
  30 0005 03       		.byte	3
  31 0006 01       		.byte	1
  32 0007 40       		.byte	64
  33 0008 03       		.byte	3
  34 0009 05       		.byte	5
  35 000a 01       		.byte	1
  36 000b 40       		.byte	64
  37 000c 03       		.byte	3
  38 000d 0B       		.byte	11
  39 000e 01       		.byte	1
  40 000f 40       		.byte	64
  41 0010 01       		.byte	1
  42 0011 0D       		.byte	13
  43 0012 01       		.byte	1
  44 0013 40       		.byte	64
  45 0014 01       		.byte	1
  46 0015 15       		.byte	21
  47 0016 01       		.byte	1
  48 0017 40       		.byte	64
  49 0018 01       		.byte	1
  50 0019 1B       		.byte	27
  51 001a 01       		.byte	1
  52 001b 40       		.byte	64
  53 001c 08       		.byte	8
  54 001d 41       		.byte	65
  55 001e 01       		.byte	1
  56 001f 40       		.byte	64
  57 0020 07       		.byte	7
ARM GAS  C:\Users\Arisvis\AppData\Local\Temp\ccT0rfNj.s 			page 2


  58 0021 42       		.byte	66
  59 0022 01       		.byte	1
  60 0023 40       		.byte	64
  61 0024 01       		.byte	1
  62 0025 43       		.byte	67
  63 0026 01       		.byte	1
  64 0027 40       		.byte	64
  65 0028 01       		.byte	1
  66 0029 45       		.byte	69
  67 002a 01       		.byte	1
  68 002b 40       		.byte	64
  69 002c 08       		.byte	8
  70 002d 46       		.byte	70
  71 002e 01       		.byte	1
  72 002f 40       		.byte	64
  73 0030 04       		.byte	4
  74 0031 47       		.byte	71
  75 0032 01       		.byte	1
  76 0033 40       		.byte	64
  77 0034 01       		.byte	1
  78 0035 48       		.byte	72
  79 0036 01       		.byte	1
  80 0037 40       		.byte	64
  81 0038 02       		.byte	2
  82 0039 49       		.byte	73
  83 003a 01       		.byte	1
  84 003b 40       		.byte	64
  85 003c 0B       		.byte	11
  86 003d 4C       		.byte	76
  87 003e 01       		.byte	1
  88 003f 40       		.byte	64
  89 0040 01       		.byte	1
  90 0041 4D       		.byte	77
  91 0042 01       		.byte	1
  92 0043 40       		.byte	64
  93 0044 01       		.byte	1
  94 0045 51       		.byte	81
  95 0046 01       		.byte	1
  96 0047 40       		.byte	64
  97 0048 01       		.byte	1
  98 0049 02       		.byte	2
  99 004a 04       		.byte	4
 100 004b 03       		.byte	3
 101 004c E6       		.byte	-26
 102 004d 01       		.byte	1
 103 004e E6       		.byte	-26
 104 004f 01       		.byte	1
 105 0050 E8       		.byte	-24
 106 0051 80       		.byte	-128
 107 0052 EC       		.byte	-20
 108 0053 10       		.byte	16
 109 0054 E6       		.byte	-26
 110 0055 01       		.byte	1
 111 0056 E8       		.byte	-24
 112 0057 80       		.byte	-128
 113 0058 EC       		.byte	-20
 114 0059 10       		.byte	16
ARM GAS  C:\Users\Arisvis\AppData\Local\Temp\ccT0rfNj.s 			page 3


 115 005a E6       		.byte	-26
 116 005b 01       		.byte	1
 117 005c EA       		.byte	-22
 118 005d 01       		.byte	1
 119 005e EA       		.byte	-22
 120 005f 01       		.byte	1
 121 0060 01       		.byte	1
 122 0061 02       		.byte	2
 123 0062 04       		.byte	4
 124 0063 01       		.byte	1
 125 0064 50       		.byte	80
 126 0065 04       		.byte	4
 127 0066 5B       		.byte	91
 128 0067 40       		.byte	64
 129 0068 83       		.byte	-125
 130 0069 40       		.byte	64
 131 006a C0       		.byte	-64
 132 006b 30       		.byte	48
 133 006c D4       		.byte	-44
 134 006d A0       		.byte	-96
 135 006e E6       		.byte	-26
 136 006f 80       		.byte	-128
 137 0070 3E       		.byte	62
 138 0071 10       		.byte	16
 139 0072 80       		.byte	-128
 140 0073 04       		.byte	4
 141 0074 94       		.byte	-108
 142 0075 08       		.byte	8
 143 0076 B1       		.byte	-79
 144 0077 02       		.byte	2
 145 0078 B4       		.byte	-76
 146 0079 01       		.byte	1
 147 007a CE       		.byte	-50
 148 007b 20       		.byte	32
 149 007c E6       		.byte	-26
 150 007d 80       		.byte	-128
 151 007e 96       		.byte	-106
 152 007f 10       		.byte	16
 153 0080 80       		.byte	-128
 154 0081 80       		.byte	-128
 155 0082 82       		.byte	-126
 156 0083 20       		.byte	32
 157 0084 98       		.byte	-104
 158 0085 20       		.byte	32
 159 0086 9C       		.byte	-100
 160 0087 80       		.byte	-128
 161 0088 A1       		.byte	-95
 162 0089 10       		.byte	16
 163 008a B0       		.byte	-80
 164 008b 20       		.byte	32
 165 008c B5       		.byte	-75
 166 008d 10       		.byte	16
 167 008e E8       		.byte	-24
 168 008f 01       		.byte	1
 169 0090 EC       		.byte	-20
 170 0091 08       		.byte	8
 171 0092 98       		.byte	-104
ARM GAS  C:\Users\Arisvis\AppData\Local\Temp\ccT0rfNj.s 			page 4


 172 0093 20       		.byte	32
 173 0094 9C       		.byte	-100
 174 0095 80       		.byte	-128
 175 0096 A1       		.byte	-95
 176 0097 10       		.byte	16
 177 0098 A6       		.byte	-90
 178 0099 20       		.byte	32
 179 009a 96       		.byte	-106
 180 009b 10       		.byte	16
 181 009c AA       		.byte	-86
 182 009d 10       		.byte	16
 183 009e EA       		.byte	-22
 184 009f 80       		.byte	-128
 185 00a0 12       		.byte	18
 186 00a1 20       		.byte	32
 187 00a2 13       		.byte	19
 188 00a3 20       		.byte	32
 189 00a4 14       		.byte	20
 190 00a5 80       		.byte	-128
 191 00a6 78       		.byte	120
 192 00a7 20       		.byte	32
 193 00a8 7D       		.byte	125
 194 00a9 20       		.byte	32
 195 00aa 98       		.byte	-104
 196 00ab 20       		.byte	32
 197 00ac 9C       		.byte	-100
 198 00ad 80       		.byte	-128
 199 00ae A1       		.byte	-95
 200 00af 10       		.byte	16
 201 00b0 A6       		.byte	-90
 202 00b1 20       		.byte	32
 203 00b2 C4       		.byte	-60
 204 00b3 0E       		.byte	14
 205 00b4 DE       		.byte	-34
 206 00b5 03       		.byte	3
 207 00b6 AB       		.byte	-85
 208 00b7 20       		.byte	32
 209 00b8 03       		.byte	3
 210 00b9 C0       		.byte	-64
 211 00ba 00       		.byte	0
 212 00bb 00       		.byte	0
 213 00bc 03       		.byte	3
 214 00bd 00       		.byte	0
 215 00be 00       		.byte	0
 216 00bf 00       		.byte	0
 217 00c0 03       		.byte	3
 218 00c1 00       		.byte	0
 219 00c2 03       		.byte	3
 220 00c3 00       		.byte	0
 221 00c4 00       		.byte	0
 222 00c5 00       		.byte	0
 223 00c6 00       		.byte	0
 224 00c7 00       		.byte	0
 225 00c8 00       		.byte	0
 226 00c9 0B       		.byte	11
 227 00ca 0B       		.byte	11
 228 00cb 00       		.byte	0
ARM GAS  C:\Users\Arisvis\AppData\Local\Temp\ccT0rfNj.s 			page 5


 229 00cc 00       		.byte	0
 230 00cd 00       		.byte	0
 231 00ce 00       		.byte	0
 232 00cf 00       		.byte	0
 233              		.global	cy_meta_custnvl
 234              		.section	.cycustnvl,"a",%progbits
 235              		.align	2
 236              		.type	cy_meta_custnvl, %object
 237              		.size	cy_meta_custnvl, 4
 238              	cy_meta_custnvl:
 239 0000 00       		.byte	0
 240 0001 00       		.byte	0
 241 0002 40       		.byte	64
 242 0003 05       		.byte	5
 243              		.global	cy_meta_wonvl
 244              		.section	.cywolatch,"a",%progbits
 245              		.align	2
 246              		.type	cy_meta_wonvl, %object
 247              		.size	cy_meta_wonvl, 4
 248              	cy_meta_wonvl:
 249 0000 BC       		.byte	-68
 250 0001 90       		.byte	-112
 251 0002 AC       		.byte	-84
 252 0003 AF       		.byte	-81
 253              		.global	cy_meta_flashprotect
 254              		.section	.cyflashprotect,"a",%progbits
 255              		.align	2
 256              		.type	cy_meta_flashprotect, %object
 257              		.size	cy_meta_flashprotect, 256
 258              	cy_meta_flashprotect:
 259 0000 00000000 		.space	256
 259      00000000 
 259      00000000 
 259      00000000 
 259      00000000 
 260              		.global	cy_metadata
 261              		.section	.cymeta,"a",%progbits
 262              		.align	2
 263              		.type	cy_metadata, %object
 264              		.size	cy_metadata, 12
 265              	cy_metadata:
 266 0000 00       		.byte	0
 267 0001 01       		.byte	1
 268 0002 2E       		.byte	46
 269 0003 16       		.byte	22
 270 0004 10       		.byte	16
 271 0005 69       		.byte	105
 272 0006 00       		.byte	0
 273 0007 01       		.byte	1
 274 0008 00       		.byte	0
 275 0009 00       		.byte	0
 276 000a 00       		.byte	0
 277 000b 00       		.byte	0
 278              		.text
 279              	.Letext0:
 280              		.file 1 "c:\\program files (x86)\\cypress\\psoc creator\\4.4\\psoc creator\\import\\gnu\\arm\\5.4.
 281              		.file 2 "c:\\program files (x86)\\cypress\\psoc creator\\4.4\\psoc creator\\import\\gnu\\arm\\5.4.
ARM GAS  C:\Users\Arisvis\AppData\Local\Temp\ccT0rfNj.s 			page 6


 282              		.file 3 "Generated_Source\\PSoC5\\cymetadata.c"
 283              		.section	.debug_info,"",%progbits
 284              	.Ldebug_info0:
 285 0000 30010000 		.4byte	0x130
 286 0004 0400     		.2byte	0x4
 287 0006 00000000 		.4byte	.Ldebug_abbrev0
 288 000a 04       		.byte	0x4
 289 000b 01       		.uleb128 0x1
 290 000c 16000000 		.4byte	.LASF17
 291 0010 0C       		.byte	0xc
 292 0011 BC010000 		.4byte	.LASF18
 293 0015 A4000000 		.4byte	.LASF19
 294 0019 00000000 		.4byte	.Ldebug_line0
 295 001d 02       		.uleb128 0x2
 296 001e 01       		.byte	0x1
 297 001f 06       		.byte	0x6
 298 0020 B0010000 		.4byte	.LASF0
 299 0024 03       		.uleb128 0x3
 300 0025 0C000000 		.4byte	.LASF9
 301 0029 01       		.byte	0x1
 302 002a 1D       		.byte	0x1d
 303 002b 2F000000 		.4byte	0x2f
 304 002f 02       		.uleb128 0x2
 305 0030 01       		.byte	0x1
 306 0031 08       		.byte	0x8
 307 0032 E2000000 		.4byte	.LASF1
 308 0036 02       		.uleb128 0x2
 309 0037 02       		.byte	0x2
 310 0038 05       		.byte	0x5
 311 0039 9D010000 		.4byte	.LASF2
 312 003d 02       		.uleb128 0x2
 313 003e 02       		.byte	0x2
 314 003f 07       		.byte	0x7
 315 0040 02010000 		.4byte	.LASF3
 316 0044 02       		.uleb128 0x2
 317 0045 04       		.byte	0x4
 318 0046 05       		.byte	0x5
 319 0047 A7010000 		.4byte	.LASF4
 320 004b 02       		.uleb128 0x2
 321 004c 04       		.byte	0x4
 322 004d 07       		.byte	0x7
 323 004e F0000000 		.4byte	.LASF5
 324 0052 02       		.uleb128 0x2
 325 0053 08       		.byte	0x8
 326 0054 05       		.byte	0x5
 327 0055 8F010000 		.4byte	.LASF6
 328 0059 02       		.uleb128 0x2
 329 005a 08       		.byte	0x8
 330 005b 07       		.byte	0x7
 331 005c 44010000 		.4byte	.LASF7
 332 0060 04       		.uleb128 0x4
 333 0061 04       		.byte	0x4
 334 0062 05       		.byte	0x5
 335 0063 696E7400 		.ascii	"int\000"
 336 0067 02       		.uleb128 0x2
 337 0068 04       		.byte	0x4
 338 0069 07       		.byte	0x7
ARM GAS  C:\Users\Arisvis\AppData\Local\Temp\ccT0rfNj.s 			page 7


 339 006a 37010000 		.4byte	.LASF8
 340 006e 03       		.uleb128 0x3
 341 006f 5B010000 		.4byte	.LASF10
 342 0073 02       		.byte	0x2
 343 0074 18       		.byte	0x18
 344 0075 24000000 		.4byte	0x24
 345 0079 05       		.uleb128 0x5
 346 007a 90000000 		.4byte	0x90
 347 007e 89000000 		.4byte	0x89
 348 0082 06       		.uleb128 0x6
 349 0083 89000000 		.4byte	0x89
 350 0087 CF       		.byte	0xcf
 351 0088 00       		.byte	0
 352 0089 02       		.uleb128 0x2
 353 008a 04       		.byte	0x4
 354 008b 07       		.byte	0x7
 355 008c 86010000 		.4byte	.LASF11
 356 0090 07       		.uleb128 0x7
 357 0091 6E000000 		.4byte	0x6e
 358 0095 08       		.uleb128 0x8
 359 0096 25010000 		.4byte	.LASF12
 360 009a 03       		.byte	0x3
 361 009b 1F       		.byte	0x1f
 362 009c A6000000 		.4byte	0xa6
 363 00a0 05       		.uleb128 0x5
 364 00a1 03       		.byte	0x3
 365 00a2 00000000 		.4byte	cy_meta_configecc
 366 00a6 07       		.uleb128 0x7
 367 00a7 79000000 		.4byte	0x79
 368 00ab 05       		.uleb128 0x5
 369 00ac 90000000 		.4byte	0x90
 370 00b0 BB000000 		.4byte	0xbb
 371 00b4 06       		.uleb128 0x6
 372 00b5 89000000 		.4byte	0x89
 373 00b9 03       		.byte	0x3
 374 00ba 00       		.byte	0
 375 00bb 08       		.uleb128 0x8
 376 00bc 15010000 		.4byte	.LASF13
 377 00c0 03       		.byte	0x3
 378 00c1 46       		.byte	0x46
 379 00c2 CC000000 		.4byte	0xcc
 380 00c6 05       		.uleb128 0x5
 381 00c7 03       		.byte	0x3
 382 00c8 00000000 		.4byte	cy_meta_custnvl
 383 00cc 07       		.uleb128 0x7
 384 00cd AB000000 		.4byte	0xab
 385 00d1 08       		.uleb128 0x8
 386 00d2 78010000 		.4byte	.LASF14
 387 00d6 03       		.byte	0x3
 388 00d7 54       		.byte	0x54
 389 00d8 E2000000 		.4byte	0xe2
 390 00dc 05       		.uleb128 0x5
 391 00dd 03       		.byte	0x3
 392 00de 00000000 		.4byte	cy_meta_wonvl
 393 00e2 07       		.uleb128 0x7
 394 00e3 AB000000 		.4byte	0xab
 395 00e7 05       		.uleb128 0x5
ARM GAS  C:\Users\Arisvis\AppData\Local\Temp\ccT0rfNj.s 			page 8


 396 00e8 90000000 		.4byte	0x90
 397 00ec F7000000 		.4byte	0xf7
 398 00f0 06       		.uleb128 0x6
 399 00f1 89000000 		.4byte	0x89
 400 00f5 FF       		.byte	0xff
 401 00f6 00       		.byte	0
 402 00f7 08       		.uleb128 0x8
 403 00f8 63010000 		.4byte	.LASF15
 404 00fc 03       		.byte	0x3
 405 00fd 62       		.byte	0x62
 406 00fe 08010000 		.4byte	0x108
 407 0102 05       		.uleb128 0x5
 408 0103 03       		.byte	0x3
 409 0104 00000000 		.4byte	cy_meta_flashprotect
 410 0108 07       		.uleb128 0x7
 411 0109 E7000000 		.4byte	0xe7
 412 010d 05       		.uleb128 0x5
 413 010e 90000000 		.4byte	0x90
 414 0112 1D010000 		.4byte	0x11d
 415 0116 06       		.uleb128 0x6
 416 0117 89000000 		.4byte	0x89
 417 011b 0B       		.byte	0xb
 418 011c 00       		.byte	0
 419 011d 08       		.uleb128 0x8
 420 011e 00000000 		.4byte	.LASF16
 421 0122 03       		.byte	0x3
 422 0123 8F       		.byte	0x8f
 423 0124 2E010000 		.4byte	0x12e
 424 0128 05       		.uleb128 0x5
 425 0129 03       		.byte	0x3
 426 012a 00000000 		.4byte	cy_metadata
 427 012e 07       		.uleb128 0x7
 428 012f 0D010000 		.4byte	0x10d
 429 0133 00       		.byte	0
 430              		.section	.debug_abbrev,"",%progbits
 431              	.Ldebug_abbrev0:
 432 0000 01       		.uleb128 0x1
 433 0001 11       		.uleb128 0x11
 434 0002 01       		.byte	0x1
 435 0003 25       		.uleb128 0x25
 436 0004 0E       		.uleb128 0xe
 437 0005 13       		.uleb128 0x13
 438 0006 0B       		.uleb128 0xb
 439 0007 03       		.uleb128 0x3
 440 0008 0E       		.uleb128 0xe
 441 0009 1B       		.uleb128 0x1b
 442 000a 0E       		.uleb128 0xe
 443 000b 10       		.uleb128 0x10
 444 000c 17       		.uleb128 0x17
 445 000d 00       		.byte	0
 446 000e 00       		.byte	0
 447 000f 02       		.uleb128 0x2
 448 0010 24       		.uleb128 0x24
 449 0011 00       		.byte	0
 450 0012 0B       		.uleb128 0xb
 451 0013 0B       		.uleb128 0xb
 452 0014 3E       		.uleb128 0x3e
ARM GAS  C:\Users\Arisvis\AppData\Local\Temp\ccT0rfNj.s 			page 9


 453 0015 0B       		.uleb128 0xb
 454 0016 03       		.uleb128 0x3
 455 0017 0E       		.uleb128 0xe
 456 0018 00       		.byte	0
 457 0019 00       		.byte	0
 458 001a 03       		.uleb128 0x3
 459 001b 16       		.uleb128 0x16
 460 001c 00       		.byte	0
 461 001d 03       		.uleb128 0x3
 462 001e 0E       		.uleb128 0xe
 463 001f 3A       		.uleb128 0x3a
 464 0020 0B       		.uleb128 0xb
 465 0021 3B       		.uleb128 0x3b
 466 0022 0B       		.uleb128 0xb
 467 0023 49       		.uleb128 0x49
 468 0024 13       		.uleb128 0x13
 469 0025 00       		.byte	0
 470 0026 00       		.byte	0
 471 0027 04       		.uleb128 0x4
 472 0028 24       		.uleb128 0x24
 473 0029 00       		.byte	0
 474 002a 0B       		.uleb128 0xb
 475 002b 0B       		.uleb128 0xb
 476 002c 3E       		.uleb128 0x3e
 477 002d 0B       		.uleb128 0xb
 478 002e 03       		.uleb128 0x3
 479 002f 08       		.uleb128 0x8
 480 0030 00       		.byte	0
 481 0031 00       		.byte	0
 482 0032 05       		.uleb128 0x5
 483 0033 01       		.uleb128 0x1
 484 0034 01       		.byte	0x1
 485 0035 49       		.uleb128 0x49
 486 0036 13       		.uleb128 0x13
 487 0037 01       		.uleb128 0x1
 488 0038 13       		.uleb128 0x13
 489 0039 00       		.byte	0
 490 003a 00       		.byte	0
 491 003b 06       		.uleb128 0x6
 492 003c 21       		.uleb128 0x21
 493 003d 00       		.byte	0
 494 003e 49       		.uleb128 0x49
 495 003f 13       		.uleb128 0x13
 496 0040 2F       		.uleb128 0x2f
 497 0041 0B       		.uleb128 0xb
 498 0042 00       		.byte	0
 499 0043 00       		.byte	0
 500 0044 07       		.uleb128 0x7
 501 0045 26       		.uleb128 0x26
 502 0046 00       		.byte	0
 503 0047 49       		.uleb128 0x49
 504 0048 13       		.uleb128 0x13
 505 0049 00       		.byte	0
 506 004a 00       		.byte	0
 507 004b 08       		.uleb128 0x8
 508 004c 34       		.uleb128 0x34
 509 004d 00       		.byte	0
ARM GAS  C:\Users\Arisvis\AppData\Local\Temp\ccT0rfNj.s 			page 10


 510 004e 03       		.uleb128 0x3
 511 004f 0E       		.uleb128 0xe
 512 0050 3A       		.uleb128 0x3a
 513 0051 0B       		.uleb128 0xb
 514 0052 3B       		.uleb128 0x3b
 515 0053 0B       		.uleb128 0xb
 516 0054 49       		.uleb128 0x49
 517 0055 13       		.uleb128 0x13
 518 0056 3F       		.uleb128 0x3f
 519 0057 19       		.uleb128 0x19
 520 0058 02       		.uleb128 0x2
 521 0059 18       		.uleb128 0x18
 522 005a 00       		.byte	0
 523 005b 00       		.byte	0
 524 005c 00       		.byte	0
 525              		.section	.debug_aranges,"",%progbits
 526 0000 14000000 		.4byte	0x14
 527 0004 0200     		.2byte	0x2
 528 0006 00000000 		.4byte	.Ldebug_info0
 529 000a 04       		.byte	0x4
 530 000b 00       		.byte	0
 531 000c 0000     		.2byte	0
 532 000e 0000     		.2byte	0
 533 0010 00000000 		.4byte	0
 534 0014 00000000 		.4byte	0
 535              		.section	.debug_line,"",%progbits
 536              	.Ldebug_line0:
 537 0000 3D010000 		.section	.debug_str,"MS",%progbits,1
 537      02003701 
 537      00000201 
 537      FB0E0D00 
 537      01010101 
 538              	.LASF16:
 539 0000 63795F6D 		.ascii	"cy_metadata\000"
 539      65746164 
 539      61746100 
 540              	.LASF9:
 541 000c 5F5F7569 		.ascii	"__uint8_t\000"
 541      6E74385F 
 541      7400
 542              	.LASF17:
 543 0016 474E5520 		.ascii	"GNU C11 5.4.1 20160609 (release) [ARM/embedded-5-br"
 543      43313120 
 543      352E342E 
 543      31203230 
 543      31363036 
 544 0049 616E6368 		.ascii	"anch revision 237715] -mcpu=cortex-m3 -mthumb -g -O"
 544      20726576 
 544      6973696F 
 544      6E203233 
 544      37373135 
 545 007c 30202D66 		.ascii	"0 -ffunction-sections -ffat-lto-objects\000"
 545      66756E63 
 545      74696F6E 
 545      2D736563 
 545      74696F6E 
 546              	.LASF19:
ARM GAS  C:\Users\Arisvis\AppData\Local\Temp\ccT0rfNj.s 			page 11


 547 00a4 433A5C55 		.ascii	"C:\\Users\\Arisvis\\Desktop\\WheatherStation\\Proje"
 547      73657273 
 547      5C417269 
 547      73766973 
 547      5C446573 
 548 00d2 63745F42 		.ascii	"ct_BMP280.cydsn\000"
 548      4D503238 
 548      302E6379 
 548      64736E00 
 549              	.LASF1:
 550 00e2 756E7369 		.ascii	"unsigned char\000"
 550      676E6564 
 550      20636861 
 550      7200
 551              	.LASF5:
 552 00f0 6C6F6E67 		.ascii	"long unsigned int\000"
 552      20756E73 
 552      69676E65 
 552      6420696E 
 552      7400
 553              	.LASF3:
 554 0102 73686F72 		.ascii	"short unsigned int\000"
 554      7420756E 
 554      7369676E 
 554      65642069 
 554      6E7400
 555              	.LASF13:
 556 0115 63795F6D 		.ascii	"cy_meta_custnvl\000"
 556      6574615F 
 556      63757374 
 556      6E766C00 
 557              	.LASF12:
 558 0125 63795F6D 		.ascii	"cy_meta_configecc\000"
 558      6574615F 
 558      636F6E66 
 558      69676563 
 558      6300
 559              	.LASF8:
 560 0137 756E7369 		.ascii	"unsigned int\000"
 560      676E6564 
 560      20696E74 
 560      00
 561              	.LASF7:
 562 0144 6C6F6E67 		.ascii	"long long unsigned int\000"
 562      206C6F6E 
 562      6720756E 
 562      7369676E 
 562      65642069 
 563              	.LASF10:
 564 015b 75696E74 		.ascii	"uint8_t\000"
 564      385F7400 
 565              	.LASF15:
 566 0163 63795F6D 		.ascii	"cy_meta_flashprotect\000"
 566      6574615F 
 566      666C6173 
 566      6870726F 
 566      74656374 
ARM GAS  C:\Users\Arisvis\AppData\Local\Temp\ccT0rfNj.s 			page 12


 567              	.LASF14:
 568 0178 63795F6D 		.ascii	"cy_meta_wonvl\000"
 568      6574615F 
 568      776F6E76 
 568      6C00
 569              	.LASF11:
 570 0186 73697A65 		.ascii	"sizetype\000"
 570      74797065 
 570      00
 571              	.LASF6:
 572 018f 6C6F6E67 		.ascii	"long long int\000"
 572      206C6F6E 
 572      6720696E 
 572      7400
 573              	.LASF2:
 574 019d 73686F72 		.ascii	"short int\000"
 574      7420696E 
 574      7400
 575              	.LASF4:
 576 01a7 6C6F6E67 		.ascii	"long int\000"
 576      20696E74 
 576      00
 577              	.LASF0:
 578 01b0 7369676E 		.ascii	"signed char\000"
 578      65642063 
 578      68617200 
 579              	.LASF18:
 580 01bc 47656E65 		.ascii	"Generated_Source\\PSoC5\\cymetadata.c\000"
 580      72617465 
 580      645F536F 
 580      75726365 
 580      5C50536F 
 581              		.ident	"GCC: (GNU Tools for ARM Embedded Processors) 5.4.1 20160609 (release) [ARM/embedded-5-bran
